Importer Log Report
Document: C:\Users\samue\Documents\baja\bjr_kicad\21xt\01-accessory\accessoryidk\accessoryidk.kicad_sch
    Section : Loading Schematic - C:\Users\samue\Documents\baja\bjr_kicad\21xt\01-accessory\accessoryidk\accessoryidk.kicad_sch
        Warning: Unknown child 'generator_version' of 'kicad_sch'.
        Warning: Unknown child exclude_from_sim of symbol.
        Warning: Unknown child exclude_from_sim of symbol.
        Warning: Unknown child exclude_from_sim of symbol.
        Warning: Unknown child exclude_from_sim of symbol.
        Warning: Unknown child exclude_from_sim of symbol.
        Warning: Unknown child exclude_from_sim of symbol.
        Warning: Unknown child exclude_from_sim of symbol.
        Warning: Unknown child exclude_from_sim of symbol.
        Warning: Unknown child exclude_from_sim of symbol.
        Warning: Unknown child exclude_from_sim of symbol.
        Warning: Unknown child uuid of no_connect.
        Warning: Unknown child uuid of no_connect.
        Warning: Unknown child uuid of no_connect.
        Warning: Unknown child uuid of no_connect.
        Warning: Unknown child uuid of no_connect.
        Warning: Unknown child uuid of no_connect.
        Warning: Unknown child uuid of no_connect.
        Warning: Unknown child uuid of no_connect.
        Warning: Unknown child uuid of no_connect.
        Warning: Unknown child uuid of no_connect.
        Warning: Unknown child uuid of no_connect.
        Warning: Unknown child uuid of no_connect.
        Warning: Unknown child uuid of no_connect.
        Warning: Unknown child uuid of no_connect.
        Warning: Unknown child uuid of no_connect.
        Warning: Unknown child uuid of no_connect.
        Warning: Unknown child uuid of no_connect.
        Warning: Unknown child exclude_from_sim of text.
        Warning: Unknown child exclude_from_sim of text.
        Warning: Unknown child exclude_from_sim of text.
        Warning: Unknown child exclude_from_sim of text.
        Warning: Unknown child exclude_from_sim of text.
        Warning: Unknown child exclude_from_sim of text.
        Warning: Unknown child exclude_from_sim of text.
        Warning: Unknown child exclude_from_sim of text.
        Warning: Unknown child exclude_from_sim of text.
        Warning: Unknown child exclude_from_sim of text.
        Warning: Unknown child exclude_from_sim of text.
        Warning: Unknown child exclude_from_sim of text.
        Warning: Unknown child exclude_from_sim of text.
        Warning: Unknown child exclude_from_sim of text.
        Warning: Unknown child exclude_from_sim of text.
        Warning: Unknown child exclude_from_sim of text.
        Warning: Unknown child exclude_from_sim of text.
        Warning: Unknown child exclude_from_sim of symbol.
        Warning: Unknown child dnp of symbol.
        Warning: Unknown child exclude_from_sim of symbol.
        Warning: Unknown child dnp of symbol.
        Warning: Unknown child exclude_from_sim of symbol.
        Warning: Unknown child dnp of symbol.
        Warning: Unknown child exclude_from_sim of symbol.
        Warning: Unknown child dnp of symbol.
        Warning: Unknown child exclude_from_sim of symbol.
        Warning: Unknown child dnp of symbol.
        Warning: Unknown child exclude_from_sim of symbol.
        Warning: Unknown child dnp of symbol.
        Warning: Unknown child exclude_from_sim of symbol.
        Warning: Unknown child dnp of symbol.
        Warning: Unknown child exclude_from_sim of symbol.
        Warning: Unknown child dnp of symbol.
        Warning: Unknown child exclude_from_sim of symbol.
        Warning: Unknown child dnp of symbol.
        Warning: Unknown child exclude_from_sim of symbol.
        Warning: Unknown child dnp of symbol.
        Warning: Unknown child exclude_from_sim of symbol.
        Warning: Unknown child dnp of symbol.
        Warning: Unknown child exclude_from_sim of symbol.
        Warning: Unknown child dnp of symbol.
        Warning: Unknown child exclude_from_sim of symbol.
        Warning: Unknown child dnp of symbol.
        Warning: Unknown child exclude_from_sim of symbol.
        Warning: Unknown child dnp of symbol.
        Warning: Unknown child exclude_from_sim of symbol.
        Warning: Unknown child dnp of symbol.
        Warning: Unknown child exclude_from_sim of symbol.
        Warning: Unknown child dnp of symbol.
        Warning: Unknown child exclude_from_sim of symbol.
        Warning: Unknown child dnp of symbol.
        Warning: Unknown child exclude_from_sim of symbol.
        Warning: Unknown child dnp of symbol.
        Warning: Unknown child exclude_from_sim of symbol.
        Warning: Unknown child dnp of symbol.
        Warning: Unknown child exclude_from_sim of symbol.
        Warning: Unknown child dnp of symbol.
        Warning: Unknown child exclude_from_sim of symbol.
        Warning: Unknown child dnp of symbol.
        Warning: Unknown child exclude_from_sim of symbol.
        Warning: Unknown child dnp of symbol.
        Warning: Unknown child exclude_from_sim of symbol.
        Warning: Unknown child dnp of symbol.
        Warning: Unknown child exclude_from_sim of symbol.
        Warning: Unknown child dnp of symbol.
        Warning: Unknown child exclude_from_sim of symbol.
        Warning: Unknown child dnp of symbol.
        Warning: Unknown child exclude_from_sim of symbol.
        Warning: Unknown child dnp of symbol.
        Warning: Unknown child exclude_from_sim of symbol.
        Warning: Unknown child dnp of symbol.
        Warning: Unknown child exclude_from_sim of symbol.
        Warning: Unknown child dnp of symbol.
        Warning: Unknown child exclude_from_sim of symbol.
        Warning: Unknown child dnp of symbol.
        Warning: Unknown child exclude_from_sim of symbol.
        Warning: Unknown child dnp of symbol.
        Warning: Unknown child exclude_from_sim of symbol.
        Warning: Unknown child dnp of symbol.
        Warning: Unknown child exclude_from_sim of symbol.
        Warning: Unknown child dnp of symbol.
        Warning: Unknown child exclude_from_sim of symbol.
        Warning: Unknown child dnp of symbol.
        Warning: Unknown child exclude_from_sim of symbol.
        Warning: Unknown child dnp of symbol.
        Warning: Unknown child exclude_from_sim of symbol.
        Warning: Unknown child dnp of symbol.
        Warning: Unknown child exclude_from_sim of symbol.
        Warning: Unknown child dnp of symbol.
        Warning: Unknown child exclude_from_sim of symbol.
        Warning: Unknown child dnp of symbol.
        Warning: Unknown child exclude_from_sim of symbol.
        Warning: Unknown child dnp of symbol.
        Warning: Unknown child exclude_from_sim of symbol.
        Warning: Unknown child dnp of symbol.
        Warning: Unknown child exclude_from_sim of symbol.
        Warning: Unknown child dnp of symbol.
        Warning: Unknown child exclude_from_sim of symbol.
        Warning: Unknown child dnp of symbol.
        Warning: Unknown child exclude_from_sim of symbol.
        Warning: Unknown child dnp of symbol.
        Warning: Unknown child exclude_from_sim of symbol.
        Warning: Unknown child dnp of symbol.
        Warning: Unknown child exclude_from_sim of symbol.
        Warning: Unknown child dnp of symbol.
        Warning: Unknown child exclude_from_sim of symbol.
        Warning: Unknown child dnp of symbol.
        Warning: Unknown child exclude_from_sim of symbol.
        Warning: Unknown child dnp of symbol.
        Warning: Unknown child exclude_from_sim of symbol.
        Warning: Unknown child dnp of symbol.
        Warning: Unknown child exclude_from_sim of symbol.
        Warning: Unknown child dnp of symbol.
        Warning: Unknown child exclude_from_sim of symbol.
        Warning: Unknown child dnp of symbol.
        Warning: Unknown child exclude_from_sim of symbol.
        Warning: Unknown child dnp of symbol.
        Warning: Unknown child exclude_from_sim of symbol.
        Warning: Unknown child dnp of symbol.
        Warning: Unknown child exclude_from_sim of symbol.
        Warning: Unknown child dnp of symbol.
        Warning: Unknown child exclude_from_sim of symbol.
        Warning: Unknown child dnp of symbol.
        Warning: Unknown child exclude_from_sim of symbol.
        Warning: Unknown child dnp of symbol.
        Warning: Unknown child exclude_from_sim of symbol.
        Warning: Unknown child dnp of symbol.
        Warning: Unknown child exclude_from_sim of symbol.
        Warning: Unknown child dnp of symbol.
        Warning: Unknown child fields_autoplaced of sheet.
        Warning: Unknown child fields_autoplaced of sheet.
        Warning: Unknown child fields_autoplaced of sheet.
    EndSection
    Section : Loading Schematic - C:\Users\samue\Documents\baja\bjr_kicad\21xt\01-accessory\accessoryidk\teensy.kicad_sch
        Warning: Unknown child uuid of no_connect.
        Warning: Unknown child uuid of no_connect.
        Warning: Unknown child uuid of no_connect.
        Warning: Unknown child uuid of no_connect.
        Warning: Unknown child uuid of no_connect.
        Warning: Unknown child uuid of no_connect.
        Warning: Unknown child uuid of no_connect.
        Warning: Unknown child uuid of no_connect.
        Warning: Unknown child uuid of no_connect.
        Warning: Unknown child uuid of no_connect.
        Warning: Unknown child uuid of no_connect.
        Warning: Unknown child uuid of no_connect.
        Warning: Unknown child uuid of no_connect.
        Warning: Unknown child uuid of no_connect.
        Warning: Unknown child uuid of no_connect.
        Warning: Unknown child uuid of no_connect.
        Warning: Unknown child uuid of no_connect.
        Warning: Unknown child uuid of no_connect.
        Warning: Unknown child uuid of no_connect.
        Warning: Unknown child uuid of no_connect.
        Warning: Unknown child uuid of no_connect.
        Warning: Unknown child uuid of no_connect.
        Warning: Unknown child uuid of no_connect.
        Warning: Unknown child uuid of no_connect.
        Warning: Unknown child uuid of no_connect.
        Warning: Unknown child uuid of no_connect.
        Warning: Unknown child uuid of no_connect.
        Warning: Unknown child uuid of no_connect.
        Warning: Unknown child uuid of no_connect.
        Warning: Unknown child uuid of no_connect.
        Warning: Unknown child uuid of no_connect.
        Warning: Unknown child uuid of no_connect.
        Warning: Unknown child uuid of no_connect.
        Warning: Unknown child uuid of no_connect.
        Warning: Unknown child uuid of no_connect.
        Warning: Unknown child uuid of no_connect.
        Warning: Unknown child uuid of no_connect.
        Warning: Unknown child uuid of no_connect.
        Warning: Unknown child uuid of no_connect.
        Warning: Unknown child uuid of no_connect.
        Warning: Unknown child uuid of no_connect.
        Warning: Unknown child uuid of no_connect.
        Warning: Unknown child uuid of no_connect.
        Warning: Unknown child uuid of no_connect.
        Warning: Unknown child uuid of no_connect.
        Warning: Unknown child dnp of symbol.
        Warning: Unknown child dnp of symbol.
        Warning: Unknown child dnp of symbol.
        Warning: Unknown child dnp of symbol.
        Warning: Unknown child dnp of symbol.
        Warning: Unknown child dnp of symbol.
        Warning: Unknown child dnp of symbol.
        Warning: Unknown child dnp of symbol.
        Warning: Unknown child dnp of symbol.
        Warning: Unknown child dnp of symbol.
        Warning: Unknown child dnp of symbol.
        Warning: Unknown child dnp of symbol.
        Warning: Unknown child dnp of symbol.
        Warning: Unknown child dnp of symbol.
        Warning: Unknown child dnp of symbol.
        Warning: Unknown child dnp of symbol.
        Warning: Unknown child dnp of symbol.
        Warning: Unknown child dnp of symbol.
        Warning: Unknown child dnp of symbol.
        Warning: Unknown child dnp of symbol.
    EndSection
    Section : Loading Schematic - C:\Users\samue\Documents\baja\bjr_kicad\21xt\01-accessory\accessoryidk\sensor_input.kicad_sch
        Warning: Unknown child uuid of no_connect.
        Warning: Unknown child uuid of no_connect.
        Warning: Unknown child uuid of no_connect.
        Warning: Unknown child uuid of no_connect.
        Warning: Unknown child uuid of no_connect.
        Warning: Unknown child uuid of no_connect.
        Warning: Unknown child uuid of no_connect.
        Warning: Unknown child uuid of no_connect.
        Warning: Unknown child uuid of no_connect.
        Warning: Unknown child uuid of no_connect.
        Warning: Unknown child uuid of no_connect.
        Warning: Unknown child uuid of no_connect.
        Warning: Unknown child uuid of no_connect.
        Warning: Unknown child uuid of no_connect.
        Warning: Unknown child dnp of symbol.
        Warning: Unknown child dnp of symbol.
        Warning: Unknown child dnp of symbol.
        Warning: Unknown child dnp of symbol.
        Warning: Unknown child dnp of symbol.
        Warning: Unknown child dnp of symbol.
        Warning: Unknown child dnp of symbol.
        Warning: Unknown child dnp of symbol.
        Warning: Unknown child dnp of symbol.
        Warning: Unknown child dnp of symbol.
        Warning: Unknown child dnp of symbol.
        Warning: Unknown child dnp of symbol.
        Warning: Unknown child dnp of symbol.
        Warning: Unknown child dnp of symbol.
        Warning: Unknown child dnp of symbol.
        Warning: Unknown child dnp of symbol.
        Warning: Unknown child dnp of symbol.
        Warning: Unknown child dnp of symbol.
        Warning: Unknown child dnp of symbol.
        Warning: Unknown child dnp of symbol.
        Warning: Unknown child dnp of symbol.
        Warning: Unknown child dnp of symbol.
        Warning: Unknown child dnp of symbol.
        Warning: Unknown child dnp of symbol.
        Warning: Unknown child dnp of symbol.
        Warning: Unknown child dnp of symbol.
        Warning: Unknown child dnp of symbol.
        Warning: Unknown child dnp of symbol.
        Warning: Unknown child dnp of symbol.
        Warning: Unknown child dnp of symbol.
        Warning: Unknown child dnp of symbol.
        Warning: Unknown child dnp of symbol.
        Warning: Unknown child dnp of symbol.
        Warning: Unknown child dnp of symbol.
        Warning: Unknown child dnp of symbol.
        Warning: Unknown child dnp of symbol.
        Warning: Unknown child dnp of symbol.
        Warning: Unknown child dnp of symbol.
        Warning: Unknown child dnp of symbol.
        Warning: Unknown child dnp of symbol.
        Warning: Unknown child dnp of symbol.
        Warning: Unknown child dnp of symbol.
    EndSection
    Section : Loading Schematic - C:\Users\samue\Documents\baja\bjr_kicad\21xt\01-accessory\accessoryidk\AD7175-8.kicad_sch
        Warning: Unknown child uuid of no_connect.
        Warning: Unknown child uuid of no_connect.
        Warning: Unknown child uuid of no_connect.
        Warning: Unknown child uuid of no_connect.
        Warning: Unknown child uuid of no_connect.
        Warning: Unknown child uuid of no_connect.
        Warning: Unknown child uuid of no_connect.
        Warning: Unknown child uuid of no_connect.
        Warning: Unknown child uuid of no_connect.
        Warning: Unknown child uuid of no_connect.
        Warning: Unknown child uuid of no_connect.
        Warning: Unknown child uuid of no_connect.
        Warning: Unknown child uuid of no_connect.
        Warning: Unknown child uuid of no_connect.
        Warning: Unknown child dnp of symbol.
        Warning: Unknown child dnp of symbol.
        Warning: Unknown child dnp of symbol.
        Warning: Unknown child dnp of symbol.
        Warning: Unknown child dnp of symbol.
        Warning: Unknown child dnp of symbol.
        Warning: Unknown child dnp of symbol.
        Warning: Unknown child dnp of symbol.
        Warning: Unknown child dnp of symbol.
        Warning: Unknown child dnp of symbol.
        Warning: Unknown child dnp of symbol.
        Warning: Unknown child dnp of symbol.
        Warning: Unknown child dnp of symbol.
        Warning: Unknown child dnp of symbol.
        Warning: Unknown child dnp of symbol.
        Warning: Unknown child dnp of symbol.
        Warning: Unknown child dnp of symbol.
        Warning: Unknown child dnp of symbol.
        Warning: Unknown child dnp of symbol.
        Warning: Unknown child dnp of symbol.
        Warning: Unknown child dnp of symbol.
        Warning: Unknown child dnp of symbol.
        Warning: Unknown child dnp of symbol.
        Warning: Unknown child dnp of symbol.
    EndSection
    Section : Loading Schematic - C:\Users\samue\Documents\baja\bjr_kicad\21xt\01-accessory\accessoryidk\accessoryidk.kicad_sch
        Warning: Unknown child 'generator_version' of 'kicad_sch'.
        Warning: Unknown child exclude_from_sim of symbol.
        Warning: Unknown child exclude_from_sim of symbol.
        Warning: Unknown child exclude_from_sim of symbol.
        Warning: Unknown child exclude_from_sim of symbol.
        Warning: Unknown child exclude_from_sim of symbol.
        Warning: Unknown child exclude_from_sim of symbol.
        Warning: Unknown child exclude_from_sim of symbol.
        Warning: Unknown child exclude_from_sim of symbol.
        Warning: Unknown child exclude_from_sim of symbol.
        Warning: Unknown child exclude_from_sim of symbol.
        Warning: Unknown child uuid of no_connect.
        Warning: Unknown child uuid of no_connect.
        Warning: Unknown child uuid of no_connect.
        Warning: Unknown child uuid of no_connect.
        Warning: Unknown child uuid of no_connect.
        Warning: Unknown child uuid of no_connect.
        Warning: Unknown child uuid of no_connect.
        Warning: Unknown child uuid of no_connect.
        Warning: Unknown child uuid of no_connect.
        Warning: Unknown child uuid of no_connect.
        Warning: Unknown child uuid of no_connect.
        Warning: Unknown child uuid of no_connect.
        Warning: Unknown child uuid of no_connect.
        Warning: Unknown child uuid of no_connect.
        Warning: Unknown child uuid of no_connect.
        Warning: Unknown child uuid of no_connect.
        Warning: Unknown child uuid of no_connect.
        Warning: Unknown child exclude_from_sim of text.
        Warning: Unknown child exclude_from_sim of text.
        Warning: Unknown child exclude_from_sim of text.
        Warning: Unknown child exclude_from_sim of text.
        Warning: Unknown child exclude_from_sim of text.
        Warning: Unknown child exclude_from_sim of text.
        Warning: Unknown child exclude_from_sim of text.
        Warning: Unknown child exclude_from_sim of text.
        Warning: Unknown child exclude_from_sim of text.
        Warning: Unknown child exclude_from_sim of text.
        Warning: Unknown child exclude_from_sim of text.
        Warning: Unknown child exclude_from_sim of text.
        Warning: Unknown child exclude_from_sim of text.
        Warning: Unknown child exclude_from_sim of text.
        Warning: Unknown child exclude_from_sim of text.
        Warning: Unknown child exclude_from_sim of text.
        Warning: Unknown child exclude_from_sim of text.
        Warning: Unknown child exclude_from_sim of symbol.
        Warning: Unknown child dnp of symbol.
        Warning: Unknown child exclude_from_sim of symbol.
        Warning: Unknown child dnp of symbol.
        Warning: Unknown child exclude_from_sim of symbol.
        Warning: Unknown child dnp of symbol.
        Warning: Unknown child exclude_from_sim of symbol.
        Warning: Unknown child dnp of symbol.
        Warning: Unknown child exclude_from_sim of symbol.
        Warning: Unknown child dnp of symbol.
        Warning: Unknown child exclude_from_sim of symbol.
        Warning: Unknown child dnp of symbol.
        Warning: Unknown child exclude_from_sim of symbol.
        Warning: Unknown child dnp of symbol.
        Warning: Unknown child exclude_from_sim of symbol.
        Warning: Unknown child dnp of symbol.
        Warning: Unknown child exclude_from_sim of symbol.
        Warning: Unknown child dnp of symbol.
        Warning: Unknown child exclude_from_sim of symbol.
        Warning: Unknown child dnp of symbol.
        Warning: Unknown child exclude_from_sim of symbol.
        Warning: Unknown child dnp of symbol.
        Warning: Unknown child exclude_from_sim of symbol.
        Warning: Unknown child dnp of symbol.
        Warning: Unknown child exclude_from_sim of symbol.
        Warning: Unknown child dnp of symbol.
        Warning: Unknown child exclude_from_sim of symbol.
        Warning: Unknown child dnp of symbol.
        Warning: Unknown child exclude_from_sim of symbol.
        Warning: Unknown child dnp of symbol.
        Warning: Unknown child exclude_from_sim of symbol.
        Warning: Unknown child dnp of symbol.
        Warning: Unknown child exclude_from_sim of symbol.
        Warning: Unknown child dnp of symbol.
        Warning: Unknown child exclude_from_sim of symbol.
        Warning: Unknown child dnp of symbol.
        Warning: Unknown child exclude_from_sim of symbol.
        Warning: Unknown child dnp of symbol.
        Warning: Unknown child exclude_from_sim of symbol.
        Warning: Unknown child dnp of symbol.
        Warning: Unknown child exclude_from_sim of symbol.
        Warning: Unknown child dnp of symbol.
        Warning: Unknown child exclude_from_sim of symbol.
        Warning: Unknown child dnp of symbol.
        Warning: Unknown child exclude_from_sim of symbol.
        Warning: Unknown child dnp of symbol.
        Warning: Unknown child exclude_from_sim of symbol.
        Warning: Unknown child dnp of symbol.
        Warning: Unknown child exclude_from_sim of symbol.
        Warning: Unknown child dnp of symbol.
        Warning: Unknown child exclude_from_sim of symbol.
        Warning: Unknown child dnp of symbol.
        Warning: Unknown child exclude_from_sim of symbol.
        Warning: Unknown child dnp of symbol.
        Warning: Unknown child exclude_from_sim of symbol.
        Warning: Unknown child dnp of symbol.
        Warning: Unknown child exclude_from_sim of symbol.
        Warning: Unknown child dnp of symbol.
        Warning: Unknown child exclude_from_sim of symbol.
        Warning: Unknown child dnp of symbol.
        Warning: Unknown child exclude_from_sim of symbol.
        Warning: Unknown child dnp of symbol.
        Warning: Unknown child exclude_from_sim of symbol.
        Warning: Unknown child dnp of symbol.
        Warning: Unknown child exclude_from_sim of symbol.
        Warning: Unknown child dnp of symbol.
        Warning: Unknown child exclude_from_sim of symbol.
        Warning: Unknown child dnp of symbol.
        Warning: Unknown child exclude_from_sim of symbol.
        Warning: Unknown child dnp of symbol.
        Warning: Unknown child exclude_from_sim of symbol.
        Warning: Unknown child dnp of symbol.
        Warning: Unknown child exclude_from_sim of symbol.
        Warning: Unknown child dnp of symbol.
        Warning: Unknown child exclude_from_sim of symbol.
        Warning: Unknown child dnp of symbol.
        Warning: Unknown child exclude_from_sim of symbol.
        Warning: Unknown child dnp of symbol.
        Warning: Unknown child exclude_from_sim of symbol.
        Warning: Unknown child dnp of symbol.
        Warning: Unknown child exclude_from_sim of symbol.
        Warning: Unknown child dnp of symbol.
        Warning: Unknown child exclude_from_sim of symbol.
        Warning: Unknown child dnp of symbol.
        Warning: Unknown child exclude_from_sim of symbol.
        Warning: Unknown child dnp of symbol.
        Warning: Unknown child exclude_from_sim of symbol.
        Warning: Unknown child dnp of symbol.
        Warning: Unknown child exclude_from_sim of symbol.
        Warning: Unknown child dnp of symbol.
        Warning: Unknown child exclude_from_sim of symbol.
        Warning: Unknown child dnp of symbol.
        Warning: Unknown child exclude_from_sim of symbol.
        Warning: Unknown child dnp of symbol.
        Warning: Unknown child exclude_from_sim of symbol.
        Warning: Unknown child dnp of symbol.
        Warning: Unknown child exclude_from_sim of symbol.
        Warning: Unknown child dnp of symbol.
        Warning: Unknown child exclude_from_sim of symbol.
        Warning: Unknown child dnp of symbol.
        Warning: Unknown child exclude_from_sim of symbol.
        Warning: Unknown child dnp of symbol.
        Warning: Unknown child exclude_from_sim of symbol.
        Warning: Unknown child dnp of symbol.
        Warning: Unknown child exclude_from_sim of symbol.
        Warning: Unknown child dnp of symbol.
        Warning: Unknown child exclude_from_sim of symbol.
        Warning: Unknown child dnp of symbol.
        Warning: Unknown child exclude_from_sim of symbol.
        Warning: Unknown child dnp of symbol.
        Warning: Unknown child exclude_from_sim of symbol.
        Warning: Unknown child dnp of symbol.
        Warning: Unknown child fields_autoplaced of sheet.
        Warning: Unknown child fields_autoplaced of sheet.
        Warning: Unknown child fields_autoplaced of sheet.
    EndSection
    Section : Loading Schematic - C:\Users\samue\Documents\baja\bjr_kicad\21xt\01-accessory\accessoryidk\teensy.kicad_sch
        Warning: Unknown child uuid of no_connect.
        Warning: Unknown child uuid of no_connect.
        Warning: Unknown child uuid of no_connect.
        Warning: Unknown child uuid of no_connect.
        Warning: Unknown child uuid of no_connect.
        Warning: Unknown child uuid of no_connect.
        Warning: Unknown child uuid of no_connect.
        Warning: Unknown child uuid of no_connect.
        Warning: Unknown child uuid of no_connect.
        Warning: Unknown child uuid of no_connect.
        Warning: Unknown child uuid of no_connect.
        Warning: Unknown child uuid of no_connect.
        Warning: Unknown child uuid of no_connect.
        Warning: Unknown child uuid of no_connect.
        Warning: Unknown child uuid of no_connect.
        Warning: Unknown child uuid of no_connect.
        Warning: Unknown child uuid of no_connect.
        Warning: Unknown child uuid of no_connect.
        Warning: Unknown child uuid of no_connect.
        Warning: Unknown child uuid of no_connect.
        Warning: Unknown child uuid of no_connect.
        Warning: Unknown child uuid of no_connect.
        Warning: Unknown child uuid of no_connect.
        Warning: Unknown child uuid of no_connect.
        Warning: Unknown child uuid of no_connect.
        Warning: Unknown child uuid of no_connect.
        Warning: Unknown child uuid of no_connect.
        Warning: Unknown child uuid of no_connect.
        Warning: Unknown child uuid of no_connect.
        Warning: Unknown child uuid of no_connect.
        Warning: Unknown child uuid of no_connect.
        Warning: Unknown child uuid of no_connect.
        Warning: Unknown child uuid of no_connect.
        Warning: Unknown child uuid of no_connect.
        Warning: Unknown child uuid of no_connect.
        Warning: Unknown child uuid of no_connect.
        Warning: Unknown child uuid of no_connect.
        Warning: Unknown child uuid of no_connect.
        Warning: Unknown child uuid of no_connect.
        Warning: Unknown child uuid of no_connect.
        Warning: Unknown child uuid of no_connect.
        Warning: Unknown child uuid of no_connect.
        Warning: Unknown child uuid of no_connect.
        Warning: Unknown child uuid of no_connect.
        Warning: Unknown child uuid of no_connect.
        Warning: Unknown child dnp of symbol.
        Warning: Unknown child dnp of symbol.
        Warning: Unknown child dnp of symbol.
        Warning: Unknown child dnp of symbol.
        Warning: Unknown child dnp of symbol.
        Warning: Unknown child dnp of symbol.
        Warning: Unknown child dnp of symbol.
        Warning: Unknown child dnp of symbol.
        Warning: Unknown child dnp of symbol.
        Warning: Unknown child dnp of symbol.
        Warning: Unknown child dnp of symbol.
        Warning: Unknown child dnp of symbol.
        Warning: Unknown child dnp of symbol.
        Warning: Unknown child dnp of symbol.
        Warning: Unknown child dnp of symbol.
        Warning: Unknown child dnp of symbol.
        Warning: Unknown child dnp of symbol.
        Warning: Unknown child dnp of symbol.
        Warning: Unknown child dnp of symbol.
        Warning: Unknown child dnp of symbol.
    EndSection
    Section : Loading Schematic - C:\Users\samue\Documents\baja\bjr_kicad\21xt\01-accessory\accessoryidk\sensor_input.kicad_sch
        Warning: Unknown child uuid of no_connect.
        Warning: Unknown child uuid of no_connect.
        Warning: Unknown child uuid of no_connect.
        Warning: Unknown child uuid of no_connect.
        Warning: Unknown child uuid of no_connect.
        Warning: Unknown child uuid of no_connect.
        Warning: Unknown child uuid of no_connect.
        Warning: Unknown child uuid of no_connect.
        Warning: Unknown child uuid of no_connect.
        Warning: Unknown child uuid of no_connect.
        Warning: Unknown child uuid of no_connect.
        Warning: Unknown child uuid of no_connect.
        Warning: Unknown child uuid of no_connect.
        Warning: Unknown child uuid of no_connect.
        Warning: Unknown child dnp of symbol.
        Warning: Unknown child dnp of symbol.
        Warning: Unknown child dnp of symbol.
        Warning: Unknown child dnp of symbol.
        Warning: Unknown child dnp of symbol.
        Warning: Unknown child dnp of symbol.
        Warning: Unknown child dnp of symbol.
        Warning: Unknown child dnp of symbol.
        Warning: Unknown child dnp of symbol.
        Warning: Unknown child dnp of symbol.
        Warning: Unknown child dnp of symbol.
        Warning: Unknown child dnp of symbol.
        Warning: Unknown child dnp of symbol.
        Warning: Unknown child dnp of symbol.
        Warning: Unknown child dnp of symbol.
        Warning: Unknown child dnp of symbol.
        Warning: Unknown child dnp of symbol.
        Warning: Unknown child dnp of symbol.
        Warning: Unknown child dnp of symbol.
        Warning: Unknown child dnp of symbol.
        Warning: Unknown child dnp of symbol.
        Warning: Unknown child dnp of symbol.
        Warning: Unknown child dnp of symbol.
        Warning: Unknown child dnp of symbol.
        Warning: Unknown child dnp of symbol.
        Warning: Unknown child dnp of symbol.
        Warning: Unknown child dnp of symbol.
        Warning: Unknown child dnp of symbol.
        Warning: Unknown child dnp of symbol.
        Warning: Unknown child dnp of symbol.
        Warning: Unknown child dnp of symbol.
        Warning: Unknown child dnp of symbol.
        Warning: Unknown child dnp of symbol.
        Warning: Unknown child dnp of symbol.
        Warning: Unknown child dnp of symbol.
        Warning: Unknown child dnp of symbol.
        Warning: Unknown child dnp of symbol.
        Warning: Unknown child dnp of symbol.
        Warning: Unknown child dnp of symbol.
        Warning: Unknown child dnp of symbol.
        Warning: Unknown child dnp of symbol.
        Warning: Unknown child dnp of symbol.
    EndSection
    Section : Loading Schematic - C:\Users\samue\Documents\baja\bjr_kicad\21xt\01-accessory\accessoryidk\AD7175-8.kicad_sch
        Warning: Unknown child uuid of no_connect.
        Warning: Unknown child uuid of no_connect.
        Warning: Unknown child uuid of no_connect.
        Warning: Unknown child uuid of no_connect.
        Warning: Unknown child uuid of no_connect.
        Warning: Unknown child uuid of no_connect.
        Warning: Unknown child uuid of no_connect.
        Warning: Unknown child uuid of no_connect.
        Warning: Unknown child uuid of no_connect.
        Warning: Unknown child uuid of no_connect.
        Warning: Unknown child uuid of no_connect.
        Warning: Unknown child uuid of no_connect.
        Warning: Unknown child uuid of no_connect.
        Warning: Unknown child uuid of no_connect.
        Warning: Unknown child dnp of symbol.
        Warning: Unknown child dnp of symbol.
        Warning: Unknown child dnp of symbol.
        Warning: Unknown child dnp of symbol.
        Warning: Unknown child dnp of symbol.
        Warning: Unknown child dnp of symbol.
        Warning: Unknown child dnp of symbol.
        Warning: Unknown child dnp of symbol.
        Warning: Unknown child dnp of symbol.
        Warning: Unknown child dnp of symbol.
        Warning: Unknown child dnp of symbol.
        Warning: Unknown child dnp of symbol.
        Warning: Unknown child dnp of symbol.
        Warning: Unknown child dnp of symbol.
        Warning: Unknown child dnp of symbol.
        Warning: Unknown child dnp of symbol.
        Warning: Unknown child dnp of symbol.
        Warning: Unknown child dnp of symbol.
        Warning: Unknown child dnp of symbol.
        Warning: Unknown child dnp of symbol.
        Warning: Unknown child dnp of symbol.
        Warning: Unknown child dnp of symbol.
        Warning: Unknown child dnp of symbol.
        Warning: Unknown child dnp of symbol.
    EndSection
