Importer Log Report
Document: C:\Users\samue\Documents\baja\bjr_kicad\21xt\01-accessory\accessoryidk\AD7175-8.kicad_sch
    Section : Loading Schematic - C:\Users\samue\Documents\baja\bjr_kicad\21xt\01-accessory\accessoryidk\AD7175-8.kicad_sch
        Warning: Unknown child uuid of no_connect.
        Warning: Unknown child uuid of no_connect.
        Warning: Unknown child uuid of no_connect.
        Warning: Unknown child uuid of no_connect.
        Warning: Unknown child uuid of no_connect.
        Warning: Unknown child uuid of no_connect.
        Warning: Unknown child uuid of no_connect.
        Warning: Unknown child uuid of no_connect.
        Warning: Unknown child uuid of no_connect.
        Warning: Unknown child uuid of no_connect.
        Warning: Unknown child uuid of no_connect.
        Warning: Unknown child uuid of no_connect.
        Warning: Unknown child uuid of no_connect.
        Warning: Unknown child uuid of no_connect.
        Warning: Unknown child dnp of symbol.
        Warning: Unknown child dnp of symbol.
        Warning: Unknown child dnp of symbol.
        Warning: Unknown child dnp of symbol.
        Warning: Unknown child dnp of symbol.
        Warning: Unknown child dnp of symbol.
        Warning: Unknown child dnp of symbol.
        Warning: Unknown child dnp of symbol.
        Warning: Unknown child dnp of symbol.
        Warning: Unknown child dnp of symbol.
        Warning: Unknown child dnp of symbol.
        Warning: Unknown child dnp of symbol.
        Warning: Unknown child dnp of symbol.
        Warning: Unknown child dnp of symbol.
        Warning: Unknown child dnp of symbol.
        Warning: Unknown child dnp of symbol.
        Warning: Unknown child dnp of symbol.
        Warning: Unknown child dnp of symbol.
        Warning: Unknown child dnp of symbol.
        Warning: Unknown child dnp of symbol.
        Warning: Unknown child dnp of symbol.
        Warning: Unknown child dnp of symbol.
        Warning: Unknown child dnp of symbol.
        Warning: Unknown child dnp of symbol.
    EndSection
    Section : Loading Schematic - C:\Users\samue\Documents\baja\bjr_kicad\21xt\01-accessory\accessoryidk\AD7175-8.kicad_sch
        Warning: Unknown child uuid of no_connect.
        Warning: Unknown child uuid of no_connect.
        Warning: Unknown child uuid of no_connect.
        Warning: Unknown child uuid of no_connect.
        Warning: Unknown child uuid of no_connect.
        Warning: Unknown child uuid of no_connect.
        Warning: Unknown child uuid of no_connect.
        Warning: Unknown child uuid of no_connect.
        Warning: Unknown child uuid of no_connect.
        Warning: Unknown child uuid of no_connect.
        Warning: Unknown child uuid of no_connect.
        Warning: Unknown child uuid of no_connect.
        Warning: Unknown child uuid of no_connect.
        Warning: Unknown child uuid of no_connect.
        Warning: Unknown child dnp of symbol.
        Warning: Unknown child dnp of symbol.
        Warning: Unknown child dnp of symbol.
        Warning: Unknown child dnp of symbol.
        Warning: Unknown child dnp of symbol.
        Warning: Unknown child dnp of symbol.
        Warning: Unknown child dnp of symbol.
        Warning: Unknown child dnp of symbol.
        Warning: Unknown child dnp of symbol.
        Warning: Unknown child dnp of symbol.
        Warning: Unknown child dnp of symbol.
        Warning: Unknown child dnp of symbol.
        Warning: Unknown child dnp of symbol.
        Warning: Unknown child dnp of symbol.
        Warning: Unknown child dnp of symbol.
        Warning: Unknown child dnp of symbol.
        Warning: Unknown child dnp of symbol.
        Warning: Unknown child dnp of symbol.
        Warning: Unknown child dnp of symbol.
        Warning: Unknown child dnp of symbol.
        Warning: Unknown child dnp of symbol.
        Warning: Unknown child dnp of symbol.
        Warning: Unknown child dnp of symbol.
        Warning: Unknown child dnp of symbol.
    EndSection
