Importer Log Report
Document: C:\Users\samue\Downloads\db44breakout\db44breakout.kicad_sch
    Section : Loading Schematic - C:\Users\samue\Downloads\db44breakout\db44breakout.kicad_sch
        Warning: Unknown child 'generator_version' of 'kicad_sch'.
        Warning: Unknown child exclude_from_sim of symbol.
        Warning: Unknown child exclude_from_sim of symbol.
        Warning: Unknown child exclude_from_sim of symbol.
        Warning: Unknown child exclude_from_sim of symbol.
        Warning: Unknown child exclude_from_sim of symbol.
        Warning: Unknown child uuid of no_connect.
        Warning: Unknown child uuid of no_connect.
        Warning: Unknown child uuid of no_connect.
        Warning: Unknown child uuid of no_connect.
        Warning: Unknown child uuid of no_connect.
        Warning: Unknown child uuid of no_connect.
        Warning: Unknown child uuid of no_connect.
        Warning: Unknown child uuid of no_connect.
        Warning: Unknown child uuid of no_connect.
        Warning: Unknown child uuid of no_connect.
        Warning: Unknown child color of effects.
        Warning: Unknown child color of effects.
        Warning: Unknown child color of effects.
        Warning: Unknown child color of effects.
        Warning: Unknown child color of effects.
        Warning: Unknown child color of effects.
        Warning: Unknown child color of effects.
        Warning: Unknown child color of effects.
        Warning: Unknown child color of effects.
        Warning: Unknown child color of effects.
        Warning: Unknown child color of effects.
        Warning: Unknown child color of effects.
        Warning: Unknown child color of effects.
        Warning: Unknown child color of effects.
        Warning: Unknown child color of effects.
        Warning: Unknown child color of effects.
        Warning: Unknown child color of effects.
        Warning: Unknown child color of effects.
        Warning: Unknown child color of effects.
        Warning: Unknown child color of effects.
        Warning: Unknown child color of effects.
        Warning: Unknown child color of effects.
        Warning: Unknown child color of effects.
        Warning: Unknown child color of effects.
        Warning: Unknown child color of effects.
        Warning: Unknown child color of effects.
        Warning: Unknown child color of effects.
        Warning: Unknown child color of effects.
        Warning: Unknown child color of effects.
        Warning: Unknown child color of effects.
        Warning: Unknown child color of effects.
        Warning: Unknown child color of effects.
        Warning: Unknown child color of effects.
        Warning: Unknown child color of effects.
        Warning: Unknown child color of effects.
        Warning: Unknown child color of effects.
        Warning: Unknown child color of effects.
        Warning: Unknown child color of effects.
        Warning: Unknown child color of effects.
        Warning: Unknown child color of effects.
        Warning: Unknown child color of effects.
        Warning: Unknown child color of effects.
        Warning: Unknown child color of effects.
        Warning: Unknown child color of effects.
        Warning: Unknown child color of effects.
        Warning: Unknown child color of effects.
        Warning: Unknown child color of effects.
        Warning: Unknown child color of effects.
        Warning: Unknown child color of effects.
        Warning: Unknown child color of effects.
        Warning: Unknown child color of effects.
        Warning: Unknown child color of effects.
        Warning: Unknown child color of effects.
        Warning: Unknown child color of effects.
        Warning: Unknown child color of effects.
        Warning: Unknown child color of effects.
        Warning: Unknown child color of effects.
        Warning: Unknown child color of effects.
        Warning: Unknown child color of effects.
        Warning: Unknown child color of effects.
        Warning: Unknown child color of effects.
        Warning: Unknown child color of effects.
        Warning: Unknown child color of effects.
        Warning: Unknown child color of effects.
        Warning: Unknown child color of effects.
        Warning: Unknown child color of effects.
        Warning: Unknown child color of effects.
        Warning: Unknown child color of effects.
        Warning: Unknown child color of effects.
        Warning: Unknown child color of effects.
        Warning: Unknown child color of effects.
        Warning: Unknown child color of effects.
        Warning: Unknown child color of effects.
        Warning: Unknown child color of effects.
        Warning: Unknown child color of effects.
        Warning: Unknown child color of effects.
        Warning: Unknown child color of effects.
        Warning: Unknown child color of effects.
        Warning: Unknown child color of effects.
        Warning: Unknown child color of effects.
        Warning: Unknown child color of effects.
        Warning: Unknown child color of effects.
        Warning: Unknown child color of effects.
        Warning: Unknown child exclude_from_sim of symbol.
        Warning: Unknown child dnp of symbol.
        Warning: Unknown child exclude_from_sim of symbol.
        Warning: Unknown child dnp of symbol.
        Warning: Unknown child exclude_from_sim of symbol.
        Warning: Unknown child dnp of symbol.
        Warning: Unknown child exclude_from_sim of symbol.
        Warning: Unknown child dnp of symbol.
        Warning: Unknown child exclude_from_sim of symbol.
        Warning: Unknown child dnp of symbol.
        Warning: Unknown child exclude_from_sim of symbol.
        Warning: Unknown child dnp of symbol.
        Warning: Unknown child exclude_from_sim of symbol.
        Warning: Unknown child dnp of symbol.
        Warning: Unknown child exclude_from_sim of symbol.
        Warning: Unknown child dnp of symbol.
        Warning: Unknown child exclude_from_sim of symbol.
        Warning: Unknown child dnp of symbol.
        Warning: Unknown child exclude_from_sim of symbol.
        Warning: Unknown child dnp of symbol.
        Warning: Unknown child exclude_from_sim of symbol.
        Warning: Unknown child dnp of symbol.
        Warning: Unknown child exclude_from_sim of symbol.
        Warning: Unknown child dnp of symbol.
        Warning: Unknown child exclude_from_sim of symbol.
        Warning: Unknown child dnp of symbol.
    EndSection
    Section : Loading Schematic - C:\Users\samue\Downloads\db44breakout\db44breakout.kicad_sch
        Warning: Unknown child 'generator_version' of 'kicad_sch'.
        Warning: Unknown child exclude_from_sim of symbol.
        Warning: Unknown child exclude_from_sim of symbol.
        Warning: Unknown child exclude_from_sim of symbol.
        Warning: Unknown child exclude_from_sim of symbol.
        Warning: Unknown child exclude_from_sim of symbol.
        Warning: Unknown child uuid of no_connect.
        Warning: Unknown child uuid of no_connect.
        Warning: Unknown child uuid of no_connect.
        Warning: Unknown child uuid of no_connect.
        Warning: Unknown child uuid of no_connect.
        Warning: Unknown child uuid of no_connect.
        Warning: Unknown child uuid of no_connect.
        Warning: Unknown child uuid of no_connect.
        Warning: Unknown child uuid of no_connect.
        Warning: Unknown child uuid of no_connect.
        Warning: Unknown child color of effects.
        Warning: Unknown child color of effects.
        Warning: Unknown child color of effects.
        Warning: Unknown child color of effects.
        Warning: Unknown child color of effects.
        Warning: Unknown child color of effects.
        Warning: Unknown child color of effects.
        Warning: Unknown child color of effects.
        Warning: Unknown child color of effects.
        Warning: Unknown child color of effects.
        Warning: Unknown child color of effects.
        Warning: Unknown child color of effects.
        Warning: Unknown child color of effects.
        Warning: Unknown child color of effects.
        Warning: Unknown child color of effects.
        Warning: Unknown child color of effects.
        Warning: Unknown child color of effects.
        Warning: Unknown child color of effects.
        Warning: Unknown child color of effects.
        Warning: Unknown child color of effects.
        Warning: Unknown child color of effects.
        Warning: Unknown child color of effects.
        Warning: Unknown child color of effects.
        Warning: Unknown child color of effects.
        Warning: Unknown child color of effects.
        Warning: Unknown child color of effects.
        Warning: Unknown child color of effects.
        Warning: Unknown child color of effects.
        Warning: Unknown child color of effects.
        Warning: Unknown child color of effects.
        Warning: Unknown child color of effects.
        Warning: Unknown child color of effects.
        Warning: Unknown child color of effects.
        Warning: Unknown child color of effects.
        Warning: Unknown child color of effects.
        Warning: Unknown child color of effects.
        Warning: Unknown child color of effects.
        Warning: Unknown child color of effects.
        Warning: Unknown child color of effects.
        Warning: Unknown child color of effects.
        Warning: Unknown child color of effects.
        Warning: Unknown child color of effects.
        Warning: Unknown child color of effects.
        Warning: Unknown child color of effects.
        Warning: Unknown child color of effects.
        Warning: Unknown child color of effects.
        Warning: Unknown child color of effects.
        Warning: Unknown child color of effects.
        Warning: Unknown child color of effects.
        Warning: Unknown child color of effects.
        Warning: Unknown child color of effects.
        Warning: Unknown child color of effects.
        Warning: Unknown child color of effects.
        Warning: Unknown child color of effects.
        Warning: Unknown child color of effects.
        Warning: Unknown child color of effects.
        Warning: Unknown child color of effects.
        Warning: Unknown child color of effects.
        Warning: Unknown child color of effects.
        Warning: Unknown child color of effects.
        Warning: Unknown child color of effects.
        Warning: Unknown child color of effects.
        Warning: Unknown child color of effects.
        Warning: Unknown child color of effects.
        Warning: Unknown child color of effects.
        Warning: Unknown child color of effects.
        Warning: Unknown child color of effects.
        Warning: Unknown child color of effects.
        Warning: Unknown child color of effects.
        Warning: Unknown child color of effects.
        Warning: Unknown child color of effects.
        Warning: Unknown child color of effects.
        Warning: Unknown child color of effects.
        Warning: Unknown child color of effects.
        Warning: Unknown child color of effects.
        Warning: Unknown child color of effects.
        Warning: Unknown child color of effects.
        Warning: Unknown child color of effects.
        Warning: Unknown child color of effects.
        Warning: Unknown child color of effects.
        Warning: Unknown child color of effects.
        Warning: Unknown child color of effects.
        Warning: Unknown child color of effects.
        Warning: Unknown child exclude_from_sim of symbol.
        Warning: Unknown child dnp of symbol.
        Warning: Unknown child exclude_from_sim of symbol.
        Warning: Unknown child dnp of symbol.
        Warning: Unknown child exclude_from_sim of symbol.
        Warning: Unknown child dnp of symbol.
        Warning: Unknown child exclude_from_sim of symbol.
        Warning: Unknown child dnp of symbol.
        Warning: Unknown child exclude_from_sim of symbol.
        Warning: Unknown child dnp of symbol.
        Warning: Unknown child exclude_from_sim of symbol.
        Warning: Unknown child dnp of symbol.
        Warning: Unknown child exclude_from_sim of symbol.
        Warning: Unknown child dnp of symbol.
        Warning: Unknown child exclude_from_sim of symbol.
        Warning: Unknown child dnp of symbol.
        Warning: Unknown child exclude_from_sim of symbol.
        Warning: Unknown child dnp of symbol.
        Warning: Unknown child exclude_from_sim of symbol.
        Warning: Unknown child dnp of symbol.
        Warning: Unknown child exclude_from_sim of symbol.
        Warning: Unknown child dnp of symbol.
        Warning: Unknown child exclude_from_sim of symbol.
        Warning: Unknown child dnp of symbol.
        Warning: Unknown child exclude_from_sim of symbol.
        Warning: Unknown child dnp of symbol.
    EndSection
